app/build/intermediates/manifest_merge_blame_file/debug/manifest-merger-blame-debug-report.txt
1<?xml version="1.0" encoding="utf-8"?>
2<manifest xmlns:android="http://schemas.android.com/apk/res/android"
3    package="com.psd.findroutes"
4    android:versionCode="1"
5    android:versionName="1.0" >
6
7    <uses-sdk
8        android:minSdkVersion="19"
8-->src/main/AndroidManifest.xml
9        android:targetSdkVersion="29" />
9-->src/main/AndroidManifest.xml
10
11    <uses-permission android:name="android.permission.INTERNET" />
11-->src/main/AndroidManifest.xml:5:5-67
11-->src/main/AndroidManifest.xml:5:22-64
12    <uses-permission android:name="android.permission.ACCESS_FINE_LOCATION" />
12-->src/main/AndroidManifest.xml:6:5-79
12-->src/main/AndroidManifest.xml:6:22-76
13    <uses-permission android:name="android.permission.ACCESS_COARSE_LOCATION" />
13-->src/main/AndroidManifest.xml:7:5-81
13-->src/main/AndroidManifest.xml:7:22-78
14
15    <!-- Include required permissions for Google Maps API to run. -->
16    <uses-permission android:name="android.permission.ACCESS_NETWORK_STATE" />
16-->[com.google.android.gms:play-services-maps:16.1.0] AndroidManifest.xml:23:5-79
16-->[com.google.android.gms:play-services-maps:16.1.0] AndroidManifest.xml:23:22-76
17
18    <uses-feature
18-->[com.google.android.gms:play-services-maps:16.1.0] AndroidManifest.xml:26:5-28:35
19        android:glEsVersion="0x00020000"
19-->[com.google.android.gms:play-services-maps:16.1.0] AndroidManifest.xml:27:9-41
20        android:required="true" />
20-->[com.google.android.gms:play-services-maps:16.1.0] AndroidManifest.xml:28:9-32
21
22    <application
22-->src/main/AndroidManifest.xml:9:5-31:19
23        android:allowBackup="true"
23-->src/main/AndroidManifest.xml:10:9-35
24        android:appComponentFactory="androidx.core.app.CoreComponentFactory"
24-->[androidx.core:core:1.1.0] AndroidManifest.xml:24:18-86
25        android:debuggable="true"
26        android:icon="@mipmap/ic_launcher"
26-->src/main/AndroidManifest.xml:11:9-43
27        android:label="@string/app_name"
27-->src/main/AndroidManifest.xml:12:9-41
28        android:roundIcon="@mipmap/ic_launcher_round"
28-->src/main/AndroidManifest.xml:13:9-54
29        android:supportsRtl="true"
29-->src/main/AndroidManifest.xml:14:9-35
30        android:testOnly="true"
31        android:theme="@style/AppTheme" >
31-->src/main/AndroidManifest.xml:15:9-40
32        <meta-data
32-->src/main/AndroidManifest.xml:16:9-18:71
33            android:name="com.google.android.geo.API_KEY"
33-->src/main/AndroidManifest.xml:17:13-58
34            android:value="AIzaSyDY4scrqzBDRWkXy9vxyo2YiRKIqMLtn0o" />
34-->src/main/AndroidManifest.xml:18:13-68
35        <meta-data
35-->src/main/AndroidManifest.xml:21:9-22:69
36            android:name="com.google.android.gms.version"
36-->src/main/AndroidManifest.xml:21:20-65
37            android:value="@integer/google_play_services_version" />
37-->src/main/AndroidManifest.xml:22:13-66
38
39        <activity android:name="com.psd.findroutes.MainActivity" >
39-->src/main/AndroidManifest.xml:24:9-30:20
39-->src/main/AndroidManifest.xml:24:19-65
40            <intent-filter>
40-->src/main/AndroidManifest.xml:25:13-29:29
41                <action android:name="android.intent.action.MAIN" />
41-->src/main/AndroidManifest.xml:26:17-69
41-->src/main/AndroidManifest.xml:26:25-66
42
43                <category android:name="android.intent.category.LAUNCHER" />
43-->src/main/AndroidManifest.xml:28:17-77
43-->src/main/AndroidManifest.xml:28:27-74
44            </intent-filter>
45        </activity>
46        <!-- Needs to be explicitly declared on P+ -->
47        <uses-library
47-->[com.google.android.gms:play-services-maps:16.1.0] AndroidManifest.xml:33:9-35:40
48            android:name="org.apache.http.legacy"
48-->[com.google.android.gms:play-services-maps:16.1.0] AndroidManifest.xml:34:13-50
49            android:required="false" />
49-->[com.google.android.gms:play-services-maps:16.1.0] AndroidManifest.xml:35:13-37
50
51        <activity
51-->[com.google.android.gms:play-services-base:16.0.1] AndroidManifest.xml:23:9-26:75
52            android:name="com.google.android.gms.common.api.GoogleApiActivity"
52-->[com.google.android.gms:play-services-base:16.0.1] AndroidManifest.xml:24:13-79
53            android:exported="false"
53-->[com.google.android.gms:play-services-base:16.0.1] AndroidManifest.xml:25:13-37
54            android:theme="@android:style/Theme.Translucent.NoTitleBar" />
54-->[com.google.android.gms:play-services-base:16.0.1] AndroidManifest.xml:26:13-72
55    </application>
56
57</manifest>